[0m[[0m[0mdebug[0m] [0m[0m> Exec(~test, Some(8c10fc20-b2cc-4109-a0c3-46747f6dba2a), Some(CommandSource(console0)))[0m
[0m[[0m[0mdebug[0m] [0m[0m> Exec(__runWatch console0, None, Some(CommandSource(console0)))[0m
[0m[[0m[0mdebug[0m] [0m[0m> Exec(sbtStashOnFailure, None, Some(CommandSource(console0)))[0m
[0m[[0m[0mdebug[0m] [0m[0m> Exec(__preWatch console0, None, Some(CommandSource(console0)))[0m
[0m[[0m[0mdebug[0m] [0m[0m> Exec(test, None, Some(CommandSource(console0)))[0m
[0m[[0m[0mdebug[0m] [0m[0mEvaluating tasks: Test / test[0m
[0m[[0m[0mdebug[0m] [0m[0mRunning task... Cancel: Signal, check cycles: false, forcegc: true[0m
[0m[[0m[0minfo[0m] [0m[0mcompiling 1 Scala source to /Users/viki/Desktop/UNI/MASTER_cbs/3rdSemester/Advanced_Programming_Scala/2021-adpro/060-par/target/scala-2.13/classes ...[0m
[0m[[0m[0minfo[0m] [0m[0mcompiling 1 Scala source to /Users/viki/Desktop/UNI/MASTER_cbs/3rdSemester/Advanced_Programming_Scala/2021-adpro/060-par/target/scala-2.13/classes ...[0m
[0m[[0m[0minfo[0m] [0m[0mcompiling 1 Scala source to /Users/viki/Desktop/UNI/MASTER_cbs/3rdSemester/Advanced_Programming_Scala/2021-adpro/060-par/target/scala-2.13/test-classes ...[0m
[0m[[0m[0minfo[0m] [0m[0m[32mParSpec:[0m[0m
[0m[[0m[0minfo[0m] [0m[0m[32mExercise 10 (extension methods)[0m[0m
[0m[[0m[0minfo[0m] [0m[0m[32m- An extension for map is created (we only test types)[0m[0m
[0m[[0m[0minfo[0m] [0m[0m[32m- An extension for map2 is created (we only test types)[0m[0m
[0m[[0m[0minfo[0m] [0m[0m[32m- An extension for chooser is created (we only test types)[0m[0m
[0m[[0m[0minfo[0m] [0m[0m[32mExercise 9 (join)[0m[0m
[0m[[0m[0minfo[0m] [0m[0m[32m- join really joins (the test is a bit weak)[0m[0m
[0m[[0m[0minfo[0m] [0m[0m[32mExercise 8 (chooser)[0m[0m
[0m[[0m[0minfo[0m] [0m[0m[32m- chooser returns the right computation[0m[0m
[0m[[0m[0minfo[0m] [0m[0m[32m- choiceN2 returns the right computation[0m[0m
[0m[[0m[0minfo[0m] [0m[0m[32m- choice2 returns the right computation[0m[0m
[0m[[0m[0minfo[0m] [0m[0m[32mExercise 7 (choiceN, choice)[0m[0m
[0m[[0m[0minfo[0m] [0m[0m[32m- choiceN returns the right computation[0m[0m
[0m[[0m[0minfo[0m] [0m[0m[32m- choice returns the right computation[0m[0m
[0m[[0m[0minfo[0m] [0m[0m[32mExercise 6 (parFilter)[0m[0m
[0m[[0m[0minfo[0m] [0m[0m[32m- parFilter does not force the computation[0m[0m
[0m[[0m[0minfo[0m] [0m[0m[32m- parFilter does not wait eagerly for completion[0m[0m
[0m[[0m[0minfo[0m] [0m[0m[32m- parFilter tries all the elements[0m[0m
[0m[[0m[0minfo[0m] [0m[0m[32m- parFilter runs the elements in parallel[0m[0m
[0m[[0m[0minfo[0m] [0m[0m[32m- parFilter is functionally equivalent to filter[0m[0m
[0m[[0m[0minfo[0m] [0m[0m[32mExercise 5 (wget)[0m[0m
[0m[[0m[0minfo[0m] [0m[0m[32m- This is not a test, but an easy way to run your function (prints first line from up to 100 chars from 3 websites)[0m[0m
[0m[[0m[0minfo[0m] [0m[0m[32m  + <!DOCTYPE html> <html lang="en"> <head> <meta charset="utf-8" /> <meta http-equiv="X-UA-Compatible"  [0m[0m
[0m[[0m[0minfo[0m] [0m[0m[32m  + <!doctype html><html itemscope="" itemtype="http://schema.org/WebPage" lang="da"><head><meta content [0m[0m
[0m[[0m[0minfo[0m] [0m[0m[32m  + <!DOCTYPE html> [0m[0m
[0m[[0m[0minfo[0m] [0m[0m[32mExercise 4 (sequence)[0m[0m
[0m[[0m[0minfo[0m] [0m[0m[32m- sequence does not force the computation[0m[0m
[0m[[0m[0minfo[0m] [0m[0m[32m- sequence does not wait eagerly for completion[0m[0m
[0m[[0m[0minfo[0m] [0m[0m[32m- sequence does not loose any elements[0m[0m
[0m[[0m[0minfo[0m] [0m[0m[32m- sequence still runs elements in parallel[0m[0m
[0m[[0m[0minfo[0m] [0m[0m[32m- sequence runs map in parallel (composes with map)[0m[0m
[0m[[0m[0minfo[0m] [0m[0m[32mExercise 2 (asyncF)[0m[0m
[0m[[0m[0minfo[0m] [0m[0m[32m- asyncF is lazy[0m[0m
[0m[[0m[0minfo[0m] [0m[0m[32m- asyncF makes a function that runs in parallel[0m[0m
[0m[[0m[0minfo[0m] [0m[0m[36mRun completed in 3 seconds, 224 milliseconds.[0m[0m
[0m[[0m[0minfo[0m] [0m[0m[36mTotal number of tests run: 22[0m[0m
[0m[[0m[0minfo[0m] [0m[0m[36mSuites: completed 1, aborted 0[0m[0m
[0m[[0m[0minfo[0m] [0m[0m[36mTests: succeeded 22, failed 0, canceled 0, ignored 0, pending 0[0m[0m
[0m[[0m[0minfo[0m] [0m[0m[32mAll tests passed.[0m[0m
[0m[[0m[32msuccess[0m] [0m[0mTotal time: 11 s, completed 13. 10. 2021 21:33:45[0m
[0m[[0m[0mdebug[0m] [0m[0m> Exec(resumeFromFailure, None, Some(CommandSource(console0)))[0m
[0m[[0m[0mdebug[0m] [0m[0m> Exec(sbtPopOnFailure, None, Some(CommandSource(console0)))[0m
[0m[[0m[0mdebug[0m] [0m[0m> Exec(__postWatch console0, None, Some(CommandSource(console0)))[0m
[0m[[0m[0mdebug[0m] [0m[0m> Exec(__waitWatch console0, None, Some(CommandSource(console0)))[0m
[0m[[0m[0minfo[0m] [0m[0mshutting down sbt server[0m
